Start testing: Nov 14 15:29 CST
----------------------------------------------------------
1/1 Testing: CryptoTest
1/1 Test: CryptoTest
Command: "/home/default/Mycode/build/CryptoTest"
Directory: /home/default/Mycode/build
"CryptoTest" start time: Nov 14 15:29 CST
Output:
----------------------------------------------------------
[==========] Running 23 tests from 4 test suites.
[----------] Global test environment set-up.
[----------] 11 tests from InitTest
[ RUN      ] InitTest.FixtureTest
[       OK ] InitTest.FixtureTest (0 ms)
[ RUN      ] InitTest.FixtureTest2
[       OK ] InitTest.FixtureTest2 (0 ms)
[ RUN      ] InitTest.HandleInputThroughEmptyConstructor
[       OK ] InitTest.HandleInputThroughEmptyConstructor (0 ms)
[ RUN      ] InitTest.HandleValidInputThroughConstructor
[       OK ] InitTest.HandleValidInputThroughConstructor (1 ms)
[ RUN      ] InitTest.HandleFullInputThroughConstructor
[       OK ] InitTest.HandleFullInputThroughConstructor (0 ms)
[ RUN      ] InitTest.HandlePartialInputThroughConstructor
[       OK ] InitTest.HandlePartialInputThroughConstructor (0 ms)
[ RUN      ] InitTest.HandleValidInput
[       OK ] InitTest.HandleValidInput (0 ms)
[ RUN      ] InitTest.HandleFullInput
[       OK ] InitTest.HandleFullInput (0 ms)
[ RUN      ] InitTest.HandleTimeUse
初始化50次的平均耗时: 55 us
[       OK ] InitTest.HandleTimeUse (2 ms)
[ RUN      ] InitTest.HandlePartialInput
[       OK ] InitTest.HandlePartialInput (0 ms)
[ RUN      ] InitTest.HandleInvalidInput
[       OK ] InitTest.HandleInvalidInput (11 ms)
[----------] 11 tests from InitTest (17 ms total)

[----------] 4 tests from KeyGenerationTest
[ RUN      ] KeyGenerationTest.FixtureTest
[       OK ] KeyGenerationTest.FixtureTest (0 ms)
[ RUN      ] KeyGenerationTest.FixtureTest2
[       OK ] KeyGenerationTest.FixtureTest2 (0 ms)
[ RUN      ] KeyGenerationTest.HandleFullKeyGeneration
[       OK ] KeyGenerationTest.HandleFullKeyGeneration (8 ms)
[ RUN      ] KeyGenerationTest.HandleTimeUse
生成50次密钥的平均耗时: 3067 us
[       OK ] KeyGenerationTest.HandleTimeUse (153 ms)
[----------] 4 tests from KeyGenerationTest (162 ms total)

[----------] 7 tests from SignAndVerifyTest
[ RUN      ] SignAndVerifyTest.FixtureTest
[       OK ] SignAndVerifyTest.FixtureTest (0 ms)
[ RUN      ] SignAndVerifyTest.FixtureTest2
[       OK ] SignAndVerifyTest.FixtureTest2 (0 ms)
[ RUN      ] SignAndVerifyTest.HandleValidInput
密钥生成耗时: 3096 us
sign time: 1537 us
签名耗时: 1539 us
acc:1ab142e1c8f405d4372da735ff0e3ff5b838e05bef312e46002778c6dc3a90ea05aac553711a2a3e5227eba760f530b8fa0aaa53f29208eb2b0caf82a37a53c8
verify time: 6276 us
[SUCESS]sign verify sucessfully
验签耗时: 6361 us
[       OK ] SignAndVerifyTest.HandleValidInput (11 ms)
[ RUN      ] SignAndVerifyTest.HandleTimeUse
sign time: 1502 us
acc:1ab142e1c8f405d4372da735ff0e3ff5b838e05bef312e46002778c6dc3a90ea05aac553711a2a3e5227eba760f530b8fa0aaa53f29208eb2b0caf82a37a53c8
verify time: 6246 us
[SUCESS]sign verify sucessfully
sign time: 1503 us
acc:1ab142e1c8f405d4372da735ff0e3ff5b838e05bef312e46002778c6dc3a90ea05aac553711a2a3e5227eba760f530b8fa0aaa53f29208eb2b0caf82a37a53c8
verify time: 6212 us
[SUCESS]sign verify sucessfully
sign time: 1530 us
acc:1ab142e1c8f405d4372da735ff0e3ff5b838e05bef312e46002778c6dc3a90ea05aac553711a2a3e5227eba760f530b8fa0aaa53f29208eb2b0caf82a37a53c8
verify time: 6199 us
[SUCESS]sign verify sucessfully
sign time: 1516 us
acc:1ab142e1c8f405d4372da735ff0e3ff5b838e05bef312e46002778c6dc3a90ea05aac553711a2a3e5227eba760f530b8fa0aaa53f29208eb2b0caf82a37a53c8
verify time: 6182 us
[SUCESS]sign verify sucessfully
sign time: 1562 us
acc:1ab142e1c8f405d4372da735ff0e3ff5b838e05bef312e46002778c6dc3a90ea05aac553711a2a3e5227eba760f530b8fa0aaa53f29208eb2b0caf82a37a53c8
verify time: 6340 us
[SUCESS]sign verify sucessfully
sign time: 1523 us
acc:1ab142e1c8f405d4372da735ff0e3ff5b838e05bef312e46002778c6dc3a90ea05aac553711a2a3e5227eba760f530b8fa0aaa53f29208eb2b0caf82a37a53c8
verify time: 6178 us
[SUCESS]sign verify sucessfully
sign time: 1495 us
acc:1ab142e1c8f405d4372da735ff0e3ff5b838e05bef312e46002778c6dc3a90ea05aac553711a2a3e5227eba760f530b8fa0aaa53f29208eb2b0caf82a37a53c8
verify time: 6266 us
[SUCESS]sign verify sucessfully
sign time: 1501 us
acc:1ab142e1c8f405d4372da735ff0e3ff5b838e05bef312e46002778c6dc3a90ea05aac553711a2a3e5227eba760f530b8fa0aaa53f29208eb2b0caf82a37a53c8
verify time: 6175 us
[SUCESS]sign verify sucessfully
sign time: 1514 us
acc:1ab142e1c8f405d4372da735ff0e3ff5b838e05bef312e46002778c6dc3a90ea05aac553711a2a3e5227eba760f530b8fa0aaa53f29208eb2b0caf82a37a53c8
verify time: 6212 us
[SUCESS]sign verify sucessfully
sign time: 1517 us
acc:1ab142e1c8f405d4372da735ff0e3ff5b838e05bef312e46002778c6dc3a90ea05aac553711a2a3e5227eba760f530b8fa0aaa53f29208eb2b0caf82a37a53c8
verify time: 6176 us
[SUCESS]sign verify sucessfully
sign time: 1507 us
acc:1ab142e1c8f405d4372da735ff0e3ff5b838e05bef312e46002778c6dc3a90ea05aac553711a2a3e5227eba760f530b8fa0aaa53f29208eb2b0caf82a37a53c8
verify time: 6192 us
[SUCESS]sign verify sucessfully
sign time: 1494 us
acc:1ab142e1c8f405d4372da735ff0e3ff5b838e05bef312e46002778c6dc3a90ea05aac553711a2a3e5227eba760f530b8fa0aaa53f29208eb2b0caf82a37a53c8
verify time: 6185 us
[SUCESS]sign verify sucessfully
sign time: 1513 us
acc:1ab142e1c8f405d4372da735ff0e3ff5b838e05bef312e46002778c6dc3a90ea05aac553711a2a3e5227eba760f530b8fa0aaa53f29208eb2b0caf82a37a53c8
verify time: 6230 us
[SUCESS]sign verify sucessfully
sign time: 1519 us
acc:1ab142e1c8f405d4372da735ff0e3ff5b838e05bef312e46002778c6dc3a90ea05aac553711a2a3e5227eba760f530b8fa0aaa53f29208eb2b0caf82a37a53c8
verify time: 6178 us
[SUCESS]sign verify sucessfully
sign time: 1497 us
acc:1ab142e1c8f405d4372da735ff0e3ff5b838e05bef312e46002778c6dc3a90ea05aac553711a2a3e5227eba760f530b8fa0aaa53f29208eb2b0caf82a37a53c8
verify time: 6218 us
[SUCESS]sign verify sucessfully
sign time: 1496 us
acc:1ab142e1c8f405d4372da735ff0e3ff5b838e05bef312e46002778c6dc3a90ea05aac553711a2a3e5227eba760f530b8fa0aaa53f29208eb2b0caf82a37a53c8
verify time: 6233 us
[SUCESS]sign verify sucessfully
sign time: 1495 us
acc:1ab142e1c8f405d4372da735ff0e3ff5b838e05bef312e46002778c6dc3a90ea05aac553711a2a3e5227eba760f530b8fa0aaa53f29208eb2b0caf82a37a53c8
verify time: 6208 us
[SUCESS]sign verify sucessfully
sign time: 1515 us
acc:1ab142e1c8f405d4372da735ff0e3ff5b838e05bef312e46002778c6dc3a90ea05aac553711a2a3e5227eba760f530b8fa0aaa53f29208eb2b0caf82a37a53c8
verify time: 6214 us
[SUCESS]sign verify sucessfully
sign time: 1510 us
acc:1ab142e1c8f405d4372da735ff0e3ff5b838e05bef312e46002778c6dc3a90ea05aac553711a2a3e5227eba760f530b8fa0aaa53f29208eb2b0caf82a37a53c8
verify time: 6202 us
[SUCESS]sign verify sucessfully
sign time: 1510 us
acc:1ab142e1c8f405d4372da735ff0e3ff5b838e05bef312e46002778c6dc3a90ea05aac553711a2a3e5227eba760f530b8fa0aaa53f29208eb2b0caf82a37a53c8
verify time: 6212 us
[SUCESS]sign verify sucessfully
sign time: 1538 us
acc:1ab142e1c8f405d4372da735ff0e3ff5b838e05bef312e46002778c6dc3a90ea05aac553711a2a3e5227eba760f530b8fa0aaa53f29208eb2b0caf82a37a53c8
verify time: 6193 us
[SUCESS]sign verify sucessfully
sign time: 1499 us
acc:1ab142e1c8f405d4372da735ff0e3ff5b838e05bef312e46002778c6dc3a90ea05aac553711a2a3e5227eba760f530b8fa0aaa53f29208eb2b0caf82a37a53c8
verify time: 6199 us
[SUCESS]sign verify sucessfully
sign time: 1530 us
acc:1ab142e1c8f405d4372da735ff0e3ff5b838e05bef312e46002778c6dc3a90ea05aac553711a2a3e5227eba760f530b8fa0aaa53f29208eb2b0caf82a37a53c8
verify time: 6184 us
[SUCESS]sign verify sucessfully
sign time: 1538 us
acc:1ab142e1c8f405d4372da735ff0e3ff5b838e05bef312e46002778c6dc3a90ea05aac553711a2a3e5227eba760f530b8fa0aaa53f29208eb2b0caf82a37a53c8
verify time: 6182 us
[SUCESS]sign verify sucessfully
sign time: 1495 us
acc:1ab142e1c8f405d4372da735ff0e3ff5b838e05bef312e46002778c6dc3a90ea05aac553711a2a3e5227eba760f530b8fa0aaa53f29208eb2b0caf82a37a53c8
verify time: 6275 us
[SUCESS]sign verify sucessfully
sign time: 1514 us
acc:1ab142e1c8f405d4372da735ff0e3ff5b838e05bef312e46002778c6dc3a90ea05aac553711a2a3e5227eba760f530b8fa0aaa53f29208eb2b0caf82a37a53c8
verify time: 6205 us
[SUCESS]sign verify sucessfully
sign time: 1494 us
acc:1ab142e1c8f405d4372da735ff0e3ff5b838e05bef312e46002778c6dc3a90ea05aac553711a2a3e5227eba760f530b8fa0aaa53f29208eb2b0caf82a37a53c8
verify time: 6186 us
[SUCESS]sign verify sucessfully
sign time: 1515 us
acc:1ab142e1c8f405d4372da735ff0e3ff5b838e05bef312e46002778c6dc3a90ea05aac553711a2a3e5227eba760f530b8fa0aaa53f29208eb2b0caf82a37a53c8
verify time: 6191 us
[SUCESS]sign verify sucessfully
sign time: 1520 us
acc:1ab142e1c8f405d4372da735ff0e3ff5b838e05bef312e46002778c6dc3a90ea05aac553711a2a3e5227eba760f530b8fa0aaa53f29208eb2b0caf82a37a53c8
verify time: 6187 us
[SUCESS]sign verify sucessfully
sign time: 1497 us
acc:1ab142e1c8f405d4372da735ff0e3ff5b838e05bef312e46002778c6dc3a90ea05aac553711a2a3e5227eba760f530b8fa0aaa53f29208eb2b0caf82a37a53c8
verify time: 6230 us
[SUCESS]sign verify sucessfully
sign time: 1511 us
acc:1ab142e1c8f405d4372da735ff0e3ff5b838e05bef312e46002778c6dc3a90ea05aac553711a2a3e5227eba760f530b8fa0aaa53f29208eb2b0caf82a37a53c8
verify time: 6199 us
[SUCESS]sign verify sucessfully
sign time: 1512 us
acc:1ab142e1c8f405d4372da735ff0e3ff5b838e05bef312e46002778c6dc3a90ea05aac553711a2a3e5227eba760f530b8fa0aaa53f29208eb2b0caf82a37a53c8
verify time: 6192 us
[SUCESS]sign verify sucessfully
sign time: 1520 us
acc:1ab142e1c8f405d4372da735ff0e3ff5b838e05bef312e46002778c6dc3a90ea05aac553711a2a3e5227eba760f530b8fa0aaa53f29208eb2b0caf82a37a53c8
verify time: 6220 us
[SUCESS]sign verify sucessfully
sign time: 1562 us
acc:1ab142e1c8f405d4372da735ff0e3ff5b838e05bef312e46002778c6dc3a90ea05aac553711a2a3e5227eba760f530b8fa0aaa53f29208eb2b0caf82a37a53c8
verify time: 6200 us
[SUCESS]sign verify sucessfully
sign time: 1498 us
acc:1ab142e1c8f405d4372da735ff0e3ff5b838e05bef312e46002778c6dc3a90ea05aac553711a2a3e5227eba760f530b8fa0aaa53f29208eb2b0caf82a37a53c8
verify time: 6206 us
[SUCESS]sign verify sucessfully
sign time: 1512 us
acc:1ab142e1c8f405d4372da735ff0e3ff5b838e05bef312e46002778c6dc3a90ea05aac553711a2a3e5227eba760f530b8fa0aaa53f29208eb2b0caf82a37a53c8
verify time: 6213 us
[SUCESS]sign verify sucessfully
sign time: 1513 us
acc:1ab142e1c8f405d4372da735ff0e3ff5b838e05bef312e46002778c6dc3a90ea05aac553711a2a3e5227eba760f530b8fa0aaa53f29208eb2b0caf82a37a53c8
verify time: 6166 us
[SUCESS]sign verify sucessfully
sign time: 1532 us
acc:1ab142e1c8f405d4372da735ff0e3ff5b838e05bef312e46002778c6dc3a90ea05aac553711a2a3e5227eba760f530b8fa0aaa53f29208eb2b0caf82a37a53c8
verify time: 6275 us
[SUCESS]sign verify sucessfully
sign time: 1505 us
acc:1ab142e1c8f405d4372da735ff0e3ff5b838e05bef312e46002778c6dc3a90ea05aac553711a2a3e5227eba760f530b8fa0aaa53f29208eb2b0caf82a37a53c8
verify time: 6195 us
[SUCESS]sign verify sucessfully
sign time: 1514 us
acc:1ab142e1c8f405d4372da735ff0e3ff5b838e05bef312e46002778c6dc3a90ea05aac553711a2a3e5227eba760f530b8fa0aaa53f29208eb2b0caf82a37a53c8
verify time: 6171 us
[SUCESS]sign verify sucessfully
sign time: 1517 us
acc:1ab142e1c8f405d4372da735ff0e3ff5b838e05bef312e46002778c6dc3a90ea05aac553711a2a3e5227eba760f530b8fa0aaa53f29208eb2b0caf82a37a53c8
verify time: 6247 us
[SUCESS]sign verify sucessfully
sign time: 1521 us
acc:1ab142e1c8f405d4372da735ff0e3ff5b838e05bef312e46002778c6dc3a90ea05aac553711a2a3e5227eba760f530b8fa0aaa53f29208eb2b0caf82a37a53c8
verify time: 6213 us
[SUCESS]sign verify sucessfully
sign time: 1554 us
acc:1ab142e1c8f405d4372da735ff0e3ff5b838e05bef312e46002778c6dc3a90ea05aac553711a2a3e5227eba760f530b8fa0aaa53f29208eb2b0caf82a37a53c8
verify time: 6264 us
[SUCESS]sign verify sucessfully
sign time: 1534 us
acc:1ab142e1c8f405d4372da735ff0e3ff5b838e05bef312e46002778c6dc3a90ea05aac553711a2a3e5227eba760f530b8fa0aaa53f29208eb2b0caf82a37a53c8
verify time: 6220 us
[SUCESS]sign verify sucessfully
sign time: 1495 us
acc:1ab142e1c8f405d4372da735ff0e3ff5b838e05bef312e46002778c6dc3a90ea05aac553711a2a3e5227eba760f530b8fa0aaa53f29208eb2b0caf82a37a53c8
verify time: 6248 us
[SUCESS]sign verify sucessfully
sign time: 1531 us
acc:1ab142e1c8f405d4372da735ff0e3ff5b838e05bef312e46002778c6dc3a90ea05aac553711a2a3e5227eba760f530b8fa0aaa53f29208eb2b0caf82a37a53c8
verify time: 6217 us
[SUCESS]sign verify sucessfully
sign time: 1529 us
acc:1ab142e1c8f405d4372da735ff0e3ff5b838e05bef312e46002778c6dc3a90ea05aac553711a2a3e5227eba760f530b8fa0aaa53f29208eb2b0caf82a37a53c8
verify time: 6223 us
[SUCESS]sign verify sucessfully
sign time: 1513 us
acc:1ab142e1c8f405d4372da735ff0e3ff5b838e05bef312e46002778c6dc3a90ea05aac553711a2a3e5227eba760f530b8fa0aaa53f29208eb2b0caf82a37a53c8
verify time: 6220 us
[SUCESS]sign verify sucessfully
sign time: 1517 us
acc:1ab142e1c8f405d4372da735ff0e3ff5b838e05bef312e46002778c6dc3a90ea05aac553711a2a3e5227eba760f530b8fa0aaa53f29208eb2b0caf82a37a53c8
verify time: 6193 us
[SUCESS]sign verify sucessfully
sign time: 1535 us
acc:1ab142e1c8f405d4372da735ff0e3ff5b838e05bef312e46002778c6dc3a90ea05aac553711a2a3e5227eba760f530b8fa0aaa53f29208eb2b0caf82a37a53c8
verify time: 6201 us
[SUCESS]sign verify sucessfully
签名50次的平均耗时: 1518 us
验证50次的平均耗时: 6277 us
[       OK ] SignAndVerifyTest.HandleTimeUse (393 ms)
[ RUN      ] SignAndVerifyTest.HandleMsgTampering
sign time: 1497 us
acc:1ab142e1c8f405d4372da735ff0e3ff5b838e05bef312e46002778c6dc3a90ea05aac553711a2a3e5227eba760f530b8fa0aaa53f29208eb2b0caf82a37a53c8
verify time: 6268 us
[INVALID]signature wrong
[       OK ] SignAndVerifyTest.HandleMsgTampering (10 ms)
[ RUN      ] SignAndVerifyTest.HandleSig1Tampering
sign time: 1494 us
acc:1ab142e1c8f405d4372da735ff0e3ff5b838e05bef312e46002778c6dc3a90ea05aac553711a2a3e5227eba760f530b8fa0aaa53f29208eb2b0caf82a37a53c8
verify time: 6247 us
[INVALID]signature wrong
[       OK ] SignAndVerifyTest.HandleSig1Tampering (10 ms)
[ RUN      ] SignAndVerifyTest.HandleSig2Tampering
sign time: 1513 us
acc:1ab142e1c8f405d4372da735ff0e3ff5b838e05bef312e46002778c6dc3a90ea05aac553711a2a3e5227eba760f530b8fa0aaa53f29208eb2b0caf82a37a53c8
verify time: 6202 us
[INVALID]signature wrong
[       OK ] SignAndVerifyTest.HandleSig2Tampering (10 ms)
[----------] 7 tests from SignAndVerifyTest (437 ms total)

[----------] 1 test from KeyUpdateTest
[ RUN      ] KeyUpdateTest.HandleValidTest
key update time: 1730 us
[       OK ] KeyUpdateTest.HandleValidTest (5 ms)
[----------] 1 test from KeyUpdateTest (5 ms total)

[----------] Global test environment tear-down
[==========] 23 tests from 4 test suites ran. (622 ms total)
[  PASSED  ] 23 tests.
<end of output>
Test time =   0.64 sec
----------------------------------------------------------
Test Passed.
"CryptoTest" end time: Nov 14 15:29 CST
"CryptoTest" time elapsed: 00:00:00
----------------------------------------------------------

End testing: Nov 14 15:29 CST
