[==========] Running 20 tests from 4 test suites.
[----------] Global test environment set-up.
[----------] 10 tests from InitTest
[ RUN      ] InitTest.FixtureTest
[       OK ] InitTest.FixtureTest (0 ms)
[ RUN      ] InitTest.FixtureTest2
[       OK ] InitTest.FixtureTest2 (0 ms)
[ RUN      ] InitTest.HandleInputThroughEmptyConstructor
[       OK ] InitTest.HandleInputThroughEmptyConstructor (0 ms)
[ RUN      ] InitTest.HandleValidInputThroughConstructor
[       OK ] InitTest.HandleValidInputThroughConstructor (1 ms)
[ RUN      ] InitTest.HandleFullInputThroughConstructor
[       OK ] InitTest.HandleFullInputThroughConstructor (0 ms)
[ RUN      ] InitTest.HandlePartialInputThroughConstructor
[       OK ] InitTest.HandlePartialInputThroughConstructor (0 ms)
[ RUN      ] InitTest.HandleValidInput
[       OK ] InitTest.HandleValidInput (0 ms)
[ RUN      ] InitTest.HandleFullInput
[       OK ] InitTest.HandleFullInput (0 ms)
[ RUN      ] InitTest.HandlePartialInput
[       OK ] InitTest.HandlePartialInput (0 ms)
[ RUN      ] InitTest.HandleInvalidInput
[       OK ] InitTest.HandleInvalidInput (0 ms)
[----------] 10 tests from InitTest (3 ms total)

[----------] 3 tests from KeyGenerationTest
[ RUN      ] KeyGenerationTest.FixtureTest
[       OK ] KeyGenerationTest.FixtureTest (0 ms)
[ RUN      ] KeyGenerationTest.FixtureTest2
[       OK ] KeyGenerationTest.FixtureTest2 (0 ms)
[ RUN      ] KeyGenerationTest.HandleFullKeyGeneration
[       OK ] KeyGenerationTest.HandleFullKeyGeneration (8 ms)
[----------] 3 tests from KeyGenerationTest (8 ms total)

[----------] 6 tests from SignAndVerifyTest
[ RUN      ] SignAndVerifyTest.FixtureTest
[       OK ] SignAndVerifyTest.FixtureTest (0 ms)
[ RUN      ] SignAndVerifyTest.FixtureTest2
[       OK ] SignAndVerifyTest.FixtureTest2 (0 ms)
[ RUN      ] SignAndVerifyTest.HandleValidInput
sign time: 1512 us
acc:1ab142e1c8f405d4372da735ff0e3ff5b838e05bef312e46002778c6dc3a90ea05aac553711a2a3e5227eba760f530b8fa0aaa53f29208eb2b0caf82a37a53c8
verify time: 6300 us
[SUCESS]sign verifid sucessfully
[       OK ] SignAndVerifyTest.HandleValidInput (11 ms)
[ RUN      ] SignAndVerifyTest.HandleMsgTampering
sign time: 1530 us
acc:1ab142e1c8f405d4372da735ff0e3ff5b838e05bef312e46002778c6dc3a90ea05aac553711a2a3e5227eba760f530b8fa0aaa53f29208eb2b0caf82a37a53c8
verify time: 6233 us
[INVALID]signature wrong
[       OK ] SignAndVerifyTest.HandleMsgTampering (11 ms)
[ RUN      ] SignAndVerifyTest.HandleSig1Tampering
sign time: 1536 us
acc:1ab142e1c8f405d4372da735ff0e3ff5b838e05bef312e46002778c6dc3a90ea05aac553711a2a3e5227eba760f530b8fa0aaa53f29208eb2b0caf82a37a53c8
verify time: 4713 us
[INVALID]signature wrong
[       OK ] SignAndVerifyTest.HandleSig1Tampering (9 ms)
[ RUN      ] SignAndVerifyTest.HandleSig2Tampering
sign time: 1512 us
acc:1ab142e1c8f405d4372da735ff0e3ff5b838e05bef312e46002778c6dc3a90ea05aac553711a2a3e5227eba760f530b8fa0aaa53f29208eb2b0caf82a37a53c8
verify time: 6230 us
[INVALID]signature wrong
[       OK ] SignAndVerifyTest.HandleSig2Tampering (11 ms)
[----------] 6 tests from SignAndVerifyTest (43 ms total)

[----------] 1 test from KeyUpdateTest
[ RUN      ] KeyUpdateTest.HandleValidTest
update time: 1 ms
[       OK ] KeyUpdateTest.HandleValidTest (5 ms)
[----------] 1 test from KeyUpdateTest (5 ms total)

[----------] Global test environment tear-down
[==========] 20 tests from 4 test suites ran. (60 ms total)
[  PASSED  ] 20 tests.